2020-04-19 20:31:06.551  INFO 6513 --- [main] c.d.f.FlightReservationApplication       : Starting FlightReservationApplication on Dixitkumars-iMac.local with PID 6513 (/Users/omsairam/Documents/ddrive/training/E2E_BT/StudentDAL/flight-reservation/target/classes started by omsairam in /Users/omsairam/Documents/ddrive/training/E2E_BT/StudentDAL/flight-reservation)
2020-04-19 20:31:06.553  INFO 6513 --- [main] c.d.f.FlightReservationApplication       : No active profile set, falling back to default profiles: default
2020-04-19 20:31:06.898  INFO 6513 --- [main] .s.d.r.c.RepositoryConfigurationDelegate : Bootstrapping Spring Data JPA repositories in DEFAULT mode.
2020-04-19 20:31:06.935  INFO 6513 --- [main] .s.d.r.c.RepositoryConfigurationDelegate : Finished Spring Data repository scanning in 33ms. Found 4 JPA repository interfaces.
2020-04-19 20:31:07.209  INFO 6513 --- [main] o.s.b.w.embedded.tomcat.TomcatWebServer  : Tomcat initialized with port(s): 8080 (http)
2020-04-19 20:31:07.215  INFO 6513 --- [main] o.apache.catalina.core.StandardService   : Starting service [Tomcat]
2020-04-19 20:31:07.215  INFO 6513 --- [main] org.apache.catalina.core.StandardEngine  : Starting Servlet engine: [Apache Tomcat/9.0.33]
2020-04-19 20:31:07.356  INFO 6513 --- [main] org.apache.jasper.servlet.TldScanner     : At least one JAR was scanned for TLDs yet contained no TLDs. Enable debug logging for this logger for a complete list of JARs that were scanned but no TLDs were found in them. Skipping unneeded JARs during scanning can improve startup time and JSP compilation time.
2020-04-19 20:31:07.359  INFO 6513 --- [main] o.a.c.c.C.[.[.[/flightreservation]       : Initializing Spring embedded WebApplicationContext
2020-04-19 20:31:07.359  INFO 6513 --- [main] o.s.web.context.ContextLoader            : Root WebApplicationContext: initialization completed in 783 ms
2020-04-19 20:31:07.419  INFO 6513 --- [main] com.zaxxer.hikari.HikariDataSource       : HikariPool-1 - Starting...
2020-04-19 20:31:07.659  INFO 6513 --- [main] com.zaxxer.hikari.HikariDataSource       : HikariPool-1 - Start completed.
2020-04-19 20:31:07.683  INFO 6513 --- [main] o.hibernate.jpa.internal.util.LogHelper  : HHH000204: Processing PersistenceUnitInfo [name: default]
2020-04-19 20:31:07.715  INFO 6513 --- [main] org.hibernate.Version                    : HHH000412: Hibernate ORM core version 5.4.12.Final
2020-04-19 20:31:07.775  INFO 6513 --- [main] o.hibernate.annotations.common.Version   : HCANN000001: Hibernate Commons Annotations {5.1.0.Final}
2020-04-19 20:31:07.843  INFO 6513 --- [main] org.hibernate.dialect.Dialect            : HHH000400: Using dialect: org.hibernate.dialect.MySQL57Dialect
2020-04-19 20:31:08.190  INFO 6513 --- [main] o.h.e.t.j.p.i.JtaPlatformInitiator       : HHH000490: Using JtaPlatform implementation: [org.hibernate.engine.transaction.jta.platform.internal.NoJtaPlatform]
2020-04-19 20:31:08.194  INFO 6513 --- [main] j.LocalContainerEntityManagerFactoryBean : Initialized JPA EntityManagerFactory for persistence unit 'default'
2020-04-19 20:31:08.588  WARN 6513 --- [main] JpaBaseConfiguration$JpaWebConfiguration : spring.jpa.open-in-view is enabled by default. Therefore, database queries may be performed during view rendering. Explicitly configure spring.jpa.open-in-view to disable this warning
2020-04-19 20:31:08.691  INFO 6513 --- [main] o.s.s.concurrent.ThreadPoolTaskExecutor  : Initializing ExecutorService 'applicationTaskExecutor'
2020-04-19 20:31:08.750  INFO 6513 --- [main] o.s.b.a.w.s.WelcomePageHandlerMapping    : Adding welcome page: ServletContext resource [/index.html]
2020-04-19 20:31:08.869  INFO 6513 --- [main] o.s.b.w.embedded.tomcat.TomcatWebServer  : Tomcat started on port(s): 8080 (http) with context path '/flightreservation'
2020-04-19 20:31:08.871  INFO 6513 --- [main] c.d.f.FlightReservationApplication       : Started FlightReservationApplication in 2.516 seconds (JVM running for 3.073)
2020-04-19 20:31:13.968  INFO 6513 --- [http-nio-8080-exec-1] o.a.c.c.C.[.[.[/flightreservation]       : Initializing Spring DispatcherServlet 'dispatcherServlet'
2020-04-19 20:31:13.968  INFO 6513 --- [http-nio-8080-exec-1] o.s.web.servlet.DispatcherServlet        : Initializing Servlet 'dispatcherServlet'
2020-04-19 20:31:13.973  INFO 6513 --- [http-nio-8080-exec-1] o.s.web.servlet.DispatcherServlet        : Completed initialization in 5 ms
2020-04-19 20:31:13.997  INFO 6513 --- [http-nio-8080-exec-1] c.d.f.controllers.FlightController       : Inside findFlights() AUS -> NYC DateOfDepartureMon Feb 05 00:00:00 EST 2018
2020-04-19 20:31:14.032  INFO 6513 --- [http-nio-8080-exec-1] c.d.f.controllers.FlightController       : Number of flights are : 4
2020-04-19 20:31:14.032  INFO 6513 --- [http-nio-8080-exec-1] c.d.f.controllers.FlightController       : Exited findFlights()
2020-04-19 20:32:50.813  INFO 6513 --- [RMI TCP Connection(12)-127.0.0.1] inMXBeanRegistrar$SpringApplicationAdmin : Application shutdown requested.
2020-04-19 20:32:50.815  INFO 6513 --- [RMI TCP Connection(12)-127.0.0.1] o.s.s.concurrent.ThreadPoolTaskExecutor  : Shutting down ExecutorService 'applicationTaskExecutor'
2020-04-19 20:32:50.816  INFO 6513 --- [RMI TCP Connection(12)-127.0.0.1] j.LocalContainerEntityManagerFactoryBean : Closing JPA EntityManagerFactory for persistence unit 'default'
2020-04-19 20:32:50.817  INFO 6513 --- [RMI TCP Connection(12)-127.0.0.1] com.zaxxer.hikari.HikariDataSource       : HikariPool-1 - Shutdown initiated...
2020-04-19 20:32:50.819  INFO 6513 --- [RMI TCP Connection(12)-127.0.0.1] com.zaxxer.hikari.HikariDataSource       : HikariPool-1 - Shutdown completed.
